{"will@vm-arch.wbond.net":"\n    Parse error: syntax error, unexpected User (T_STRING) in \/tmp\/flourish_1\/tests\/classes\/fActiveRecord\/fActiveRecordTest.php on line 382\n\n    Parse error: syntax error, unexpected User (T_STRING) in \/tmp\/flourish_1\/tests\/classes\/fActiveRecord\/fActiveRecordTest.php on line 382\n\n    Parse error: syntax error, unexpected User (T_STRING) in \/tmp\/flourish_1\/tests\/classes\/fActiveRecord\/fActiveRecordTest.php on line 382\n\n    Parse error: syntax error, unexpected User (T_STRING) in \/tmp\/flourish_1\/tests\/classes\/fActiveRecord\/fActiveRecordTest.php on line 382\n\n    Parse error: syntax error, unexpected User (T_STRING) in \/tmp\/flourish_1\/tests\/classes\/fActiveRecord\/fActiveRecordTest.php on line 382\n\n    Parse error: syntax error, unexpected User (T_STRING) in \/tmp\/flourish_1\/tests\/classes\/fActiveRecord\/fActiveRecordTest.php on line 382\n\n    Parse error: syntax error, unexpected User (T_STRING) in \/tmp\/flourish_1\/tests\/classes\/fActiveRecord\/fActiveRecordTest.php on line 382\n{\"passed\": 5521, \"failed\": 0, \"skipped\": 3891, \"php_errors\": 0, \"error_messages\": []}\n","will@vm-centos.wbond.net":"\n    Parse error: syntax error, unexpected T_STRING in \/tmp\/flourish_1\/tests\/classes\/fActiveRecord\/fActiveRecordTest.php on line 382\n\n    Parse error: syntax error, unexpected T_STRING in \/tmp\/flourish_1\/tests\/classes\/fActiveRecord\/fActiveRecordTest.php on line 382\n\n    Parse error: syntax error, unexpected T_STRING in \/tmp\/flourish_1\/tests\/classes\/fActiveRecord\/fActiveRecordTest.php on line 382\n\n    Parse error: syntax error, unexpected T_STRING in \/tmp\/flourish_1\/tests\/classes\/fActiveRecord\/fActiveRecordTest.php on line 382\n\n    Parse error: syntax error, unexpected T_STRING in \/tmp\/flourish_1\/tests\/classes\/fActiveRecord\/fActiveRecordTest.php on line 382\n\n    Parse error: syntax error, unexpected T_STRING in \/tmp\/flourish_1\/tests\/classes\/fActiveRecord\/fActiveRecordTest.php on line 382\n\n    Parse error: syntax error, unexpected T_STRING in \/tmp\/flourish_1\/tests\/classes\/fActiveRecord\/fActiveRecordTest.php on line 382\n{\"passed\": 8539, \"failed\": 6, \"skipped\": 867, \"php_errors\": 0, \"error_messages\": [\"fRecordSetTest::testPrecountManyToMany, config Oracle-Backed\\nfSQLException: Oracle error (ORA-00905: missing keyword) in SELECT count(*) AS flourish__count, \\\"USERS\\\".\\\"USER_ID\\\" AS flourish__column FROM \\\"USERS\\\" INNER JOIN \\\"USERS_GROUPS\\\" AS \\\"USERS_GROUPS\\\" ON \\\"USERS\\\".\\\"USER_ID\\\" = \\\"USERS_GROUPS\\\".\\\"USER_ID\\\" WHERE \\\"USERS\\\".\\\"USER_ID\\\" IN (1, 2, 3, 4) GROUP BY \\\"USERS\\\".\\\"USER_ID\\\"\\n\\n\\\/tmp\\\/flourish_1\\\/classes\\\/fDatabase.php:456\\n\\\/tmp\\\/flourish_1\\\/classes\\\/fDatabase.php:2565\\n\\\/tmp\\\/flourish_1\\\/classes\\\/fDatabase.php:3028\\n\\\/tmp\\\/flourish_1\\\/classes\\\/fDatabase.php:3326\\n\\\/tmp\\\/flourish_1\\\/classes\\\/fRecordSet.php:1673\\n\\\/tmp\\\/flourish_1\\\/classes\\\/fRecordSet.php:574\\n\\\/tmp\\\/flourish_1\\\/tests\\\/classes\\\/fRecordSet\\\/fRecordSetTest.php:332\", \"fRecordSetTest::testPrecountOneToMany, config Oracle-Backed\\nfSQLException: Oracle error (ORA-00905: missing keyword) in SELECT count(*) AS flourish__count, \\\"ARTISTS\\\".\\\"ARTIST_ID\\\" AS flourish__column FROM \\\"ARTISTS\\\" INNER JOIN \\\"ALBUMS\\\" AS \\\"ALBUMS\\\" ON \\\"ARTISTS\\\".\\\"ARTIST_ID\\\" = \\\"ALBUMS\\\".\\\"ARTIST_ID\\\" WHERE \\\"ARTISTS\\\".\\\"ARTIST_ID\\\" IN (1, 2, 3) GROUP BY \\\"ARTISTS\\\".\\\"ARTIST_ID\\\"\\n\\n\\\/tmp\\\/flourish_1\\\/classes\\\/fDatabase.php:456\\n\\\/tmp\\\/flourish_1\\\/classes\\\/fDatabase.php:2565\\n\\\/tmp\\\/flourish_1\\\/classes\\\/fDatabase.php:3028\\n\\\/tmp\\\/flourish_1\\\/classes\\\/fDatabase.php:3326\\n\\\/tmp\\\/flourish_1\\\/classes\\\/fRecordSet.php:1673\\n\\\/tmp\\\/flourish_1\\\/classes\\\/fRecordSet.php:574\\n\\\/tmp\\\/flourish_1\\\/tests\\\/classes\\\/fRecordSet\\\/fRecordSetTest.php:364\", \"fRecordSetTest::testPrecountOneToManyMultiColumn, config Oracle-Backed\\nfSQLException: Oracle error (ORA-00905: missing keyword) in SELECT count(*) AS flourish__count, \\\"USERS\\\".\\\"EMAIL_ADDRESS\\\" AS flourish__column FROM \\\"USERS\\\" INNER JOIN \\\"FAVORITE_ALBUMS\\\" AS \\\"FAVORITE_ALBUMS\\\" ON \\\"USERS\\\".\\\"EMAIL_ADDRESS\\\" = \\\"FAVORITE_ALBUMS\\\".\\\"EMAIL\\\" WHERE \\\"USERS\\\".\\\"USER_ID\\\" IN (1, 2, 3, 4) GROUP BY \\\"USERS\\\".\\\"EMAIL_ADDRESS\\\"\\n\\n\\\/tmp\\\/flourish_1\\\/classes\\\/fDatabase.php:456\\n\\\/tmp\\\/flourish_1\\\/classes\\\/fDatabase.php:2565\\n\\\/tmp\\\/flourish_1\\\/classes\\\/fDatabase.php:3028\\n\\\/tmp\\\/flourish_1\\\/classes\\\/fDatabase.php:3326\\n\\\/tmp\\\/flourish_1\\\/classes\\\/fRecordSet.php:1673\\n\\\/tmp\\\/flourish_1\\\/classes\\\/fRecordSet.php:574\\n\\\/tmp\\\/flourish_1\\\/tests\\\/classes\\\/fRecordSet\\\/fRecordSetTest.php:393\", \"fRecordSetTest::testPrecountSelfJoin, config Oracle-Backed\\nfSQLException: Oracle error (ORA-00905: missing keyword) in SELECT count(*) AS flourish__count, \\\"CATEGORIES\\\".\\\"CATEGORY_ID\\\" AS flourish__column FROM \\\"CATEGORIES\\\" INNER JOIN \\\"CATEGORIES\\\" AS \\\"CATEGORIES_1\\\" ON \\\"CATEGORIES\\\".\\\"CATEGORY_ID\\\" = \\\"CATEGORIES_1\\\".\\\"PARENT\\\" WHERE \\\"CATEGORIES\\\".\\\"CATEGORY_ID\\\" IN (1, 2, 3, 4, 5) GROUP BY \\\"CATEGORIES\\\".\\\"CATEGORY_ID\\\"\\n\\n\\\/tmp\\\/flourish_1\\\/classes\\\/fDatabase.php:456\\n\\\/tmp\\\/flourish_1\\\/classes\\\/fDatabase.php:2565\\n\\\/tmp\\\/flourish_1\\\/classes\\\/fDatabase.php:3028\\n\\\/tmp\\\/flourish_1\\\/classes\\\/fDatabase.php:3326\\n\\\/tmp\\\/flourish_1\\\/classes\\\/fRecordSet.php:1673\\n\\\/tmp\\\/flourish_1\\\/classes\\\/fRecordSet.php:574\\n\\\/tmp\\\/flourish_1\\\/tests\\\/classes\\\/fRecordSet\\\/fRecordSetTest.php:425\", \"fRecordSetWithMultipleSchemasTest::testPrecountManyToMany, config Oracle-Backed Multi-Schema\\nfSQLException: Oracle error (ORA-00905: missing keyword) in SELECT count(*) AS flourish__count, \\\"FLOURISH_1_2\\\".\\\"USERS\\\".\\\"USER_ID\\\" AS flourish__column FROM \\\"FLOURISH_1_2\\\".\\\"USERS\\\" INNER JOIN \\\"FLOURISH_1_2\\\".\\\"USERS_GROUPS\\\" AS \\\"_________________________\\\" ON \\\"FLOURISH_1_2\\\".\\\"USERS\\\".\\\"USER_ID\\\" = \\\"_________________________\\\".\\\"USER_ID\\\" WHERE \\\"FLOURISH_1_2\\\".\\\"USERS\\\".\\\"USER_ID\\\" IN (1, 2) GROUP BY \\\"FLOURISH_1_2\\\".\\\"USERS\\\".\\\"USER_ID\\\"\\n\\n\\\/tmp\\\/flourish_1\\\/classes\\\/fDatabase.php:456\\n\\\/tmp\\\/flourish_1\\\/classes\\\/fDatabase.php:2565\\n\\\/tmp\\\/flourish_1\\\/classes\\\/fDatabase.php:3028\\n\\\/tmp\\\/flourish_1\\\/classes\\\/fDatabase.php:3326\\n\\\/tmp\\\/flourish_1\\\/classes\\\/fRecordSet.php:1673\\n\\\/tmp\\\/flourish_1\\\/classes\\\/fRecordSet.php:574\\n\\\/tmp\\\/flourish_1\\\/tests\\\/classes\\\/fRecordSet\\\/fRecordSetWithMultipleSchemasTest.php:197\", \"fRecordSetWithMultipleSchemasTest::testPrecountOneToMany, config Oracle-Backed Multi-Schema\\nfSQLException: Oracle error (ORA-00905: missing keyword) in SELECT count(*) AS flourish__count, \\\"FLOURISH_1_2\\\".\\\"ARTISTS\\\".\\\"ARTIST_ID\\\" AS flourish__column FROM \\\"FLOURISH_1_2\\\".\\\"ARTISTS\\\" INNER JOIN \\\"FLOURISH_1_2\\\".\\\"ALBUMS\\\" AS \\\"___________________\\\" ON \\\"FLOURISH_1_2\\\".\\\"ARTISTS\\\".\\\"ARTIST_ID\\\" = \\\"___________________\\\".\\\"ARTIST_ID\\\" WHERE \\\"FLOURISH_1_2\\\".\\\"ARTISTS\\\".\\\"ARTIST_ID\\\" IN (1, 2, 3) GROUP BY \\\"FLOURISH_1_2\\\".\\\"ARTISTS\\\".\\\"ARTIST_ID\\\"\\n\\n\\\/tmp\\\/flourish_1\\\/classes\\\/fDatabase.php:456\\n\\\/tmp\\\/flourish_1\\\/classes\\\/fDatabase.php:2565\\n\\\/tmp\\\/flourish_1\\\/classes\\\/fDatabase.php:3028\\n\\\/tmp\\\/flourish_1\\\/classes\\\/fDatabase.php:3326\\n\\\/tmp\\\/flourish_1\\\/classes\\\/fRecordSet.php:1673\\n\\\/tmp\\\/flourish_1\\\/classes\\\/fRecordSet.php:574\\n\\\/tmp\\\/flourish_1\\\/tests\\\/classes\\\/fRecordSet\\\/fRecordSetWithMultipleSchemasTest.php:223\"]}\n","will@vm-debian.wbond.net":"\n    Parse error: syntax error, unexpected T_STRING in \/tmp\/flourish_1\/tests\/classes\/fActiveRecord\/fActiveRecordTest.php on line 382\n\n    Parse error: syntax error, unexpected T_STRING in \/tmp\/flourish_1\/tests\/classes\/fActiveRecord\/fActiveRecordTest.php on line 382\n\n    Parse error: syntax error, unexpected T_STRING in \/tmp\/flourish_1\/tests\/classes\/fActiveRecord\/fActiveRecordTest.php on line 382\n\n    Parse error: syntax error, unexpected T_STRING in \/tmp\/flourish_1\/tests\/classes\/fActiveRecord\/fActiveRecordTest.php on line 382\n\n    Parse error: syntax error, unexpected T_STRING in \/tmp\/flourish_1\/tests\/classes\/fActiveRecord\/fActiveRecordTest.php on line 382\n\n    Parse error: syntax error, unexpected T_STRING in \/tmp\/flourish_1\/tests\/classes\/fActiveRecord\/fActiveRecordTest.php on line 382\n\n    Parse error: syntax error, unexpected T_STRING in \/tmp\/flourish_1\/tests\/classes\/fActiveRecord\/fActiveRecordTest.php on line 382\n{\"passed\": 6936, \"failed\": 0, \"skipped\": 2476, \"php_errors\": 0, \"error_messages\": []}\n","will@vm-fedora.wbond.net":"\n    Parse error: syntax error, unexpected T_STRING in \/tmp\/flourish_1\/tests\/classes\/fActiveRecord\/fActiveRecordTest.php on line 382\n\n    Parse error: syntax error, unexpected T_STRING in \/tmp\/flourish_1\/tests\/classes\/fActiveRecord\/fActiveRecordTest.php on line 382\n\n    Parse error: syntax error, unexpected T_STRING in \/tmp\/flourish_1\/tests\/classes\/fActiveRecord\/fActiveRecordTest.php on line 382\n\n    Parse error: syntax error, unexpected T_STRING in \/tmp\/flourish_1\/tests\/classes\/fActiveRecord\/fActiveRecordTest.php on line 382\n\n    Parse error: syntax error, unexpected T_STRING in \/tmp\/flourish_1\/tests\/classes\/fActiveRecord\/fActiveRecordTest.php on line 382\n\n    Parse error: syntax error, unexpected T_STRING in \/tmp\/flourish_1\/tests\/classes\/fActiveRecord\/fActiveRecordTest.php on line 382\n\n    Parse error: syntax error, unexpected T_STRING in \/tmp\/flourish_1\/tests\/classes\/fActiveRecord\/fActiveRecordTest.php on line 382\n{\"passed\": 8714, \"failed\": 6, \"skipped\": 692, \"php_errors\": 0, \"error_messages\": [\"fRecordSetTest::testPrecountManyToMany, config Oracle-Backed\\nfSQLException: Oracle error (ORA-00905: missing keyword) in SELECT count(*) AS flourish__count, \\\"USERS\\\".\\\"USER_ID\\\" AS flourish__column FROM \\\"USERS\\\" INNER JOIN \\\"USERS_GROUPS\\\" AS \\\"USERS_GROUPS\\\" ON \\\"USERS\\\".\\\"USER_ID\\\" = \\\"USERS_GROUPS\\\".\\\"USER_ID\\\" WHERE \\\"USERS\\\".\\\"USER_ID\\\" IN (1, 2, 3, 4) GROUP BY \\\"USERS\\\".\\\"USER_ID\\\"\\n\\n\\\/tmp\\\/flourish_1\\\/classes\\\/fDatabase.php:456\\n\\\/tmp\\\/flourish_1\\\/classes\\\/fDatabase.php:2565\\n\\\/tmp\\\/flourish_1\\\/classes\\\/fDatabase.php:3028\\n\\\/tmp\\\/flourish_1\\\/classes\\\/fDatabase.php:3326\\n\\\/tmp\\\/flourish_1\\\/classes\\\/fRecordSet.php:1673\\n\\\/tmp\\\/flourish_1\\\/classes\\\/fRecordSet.php:574\\n\\\/tmp\\\/flourish_1\\\/tests\\\/classes\\\/fRecordSet\\\/fRecordSetTest.php:332\", \"fRecordSetTest::testPrecountOneToMany, config Oracle-Backed\\nfSQLException: Oracle error (ORA-00905: missing keyword) in SELECT count(*) AS flourish__count, \\\"ARTISTS\\\".\\\"ARTIST_ID\\\" AS flourish__column FROM \\\"ARTISTS\\\" INNER JOIN \\\"ALBUMS\\\" AS \\\"ALBUMS\\\" ON \\\"ARTISTS\\\".\\\"ARTIST_ID\\\" = \\\"ALBUMS\\\".\\\"ARTIST_ID\\\" WHERE \\\"ARTISTS\\\".\\\"ARTIST_ID\\\" IN (1, 2, 3) GROUP BY \\\"ARTISTS\\\".\\\"ARTIST_ID\\\"\\n\\n\\\/tmp\\\/flourish_1\\\/classes\\\/fDatabase.php:456\\n\\\/tmp\\\/flourish_1\\\/classes\\\/fDatabase.php:2565\\n\\\/tmp\\\/flourish_1\\\/classes\\\/fDatabase.php:3028\\n\\\/tmp\\\/flourish_1\\\/classes\\\/fDatabase.php:3326\\n\\\/tmp\\\/flourish_1\\\/classes\\\/fRecordSet.php:1673\\n\\\/tmp\\\/flourish_1\\\/classes\\\/fRecordSet.php:574\\n\\\/tmp\\\/flourish_1\\\/tests\\\/classes\\\/fRecordSet\\\/fRecordSetTest.php:364\", \"fRecordSetTest::testPrecountOneToManyMultiColumn, config Oracle-Backed\\nfSQLException: Oracle error (ORA-00905: missing keyword) in SELECT count(*) AS flourish__count, \\\"USERS\\\".\\\"EMAIL_ADDRESS\\\" AS flourish__column FROM \\\"USERS\\\" INNER JOIN \\\"FAVORITE_ALBUMS\\\" AS \\\"FAVORITE_ALBUMS\\\" ON \\\"USERS\\\".\\\"EMAIL_ADDRESS\\\" = \\\"FAVORITE_ALBUMS\\\".\\\"EMAIL\\\" WHERE \\\"USERS\\\".\\\"USER_ID\\\" IN (1, 2, 3, 4) GROUP BY \\\"USERS\\\".\\\"EMAIL_ADDRESS\\\"\\n\\n\\\/tmp\\\/flourish_1\\\/classes\\\/fDatabase.php:456\\n\\\/tmp\\\/flourish_1\\\/classes\\\/fDatabase.php:2565\\n\\\/tmp\\\/flourish_1\\\/classes\\\/fDatabase.php:3028\\n\\\/tmp\\\/flourish_1\\\/classes\\\/fDatabase.php:3326\\n\\\/tmp\\\/flourish_1\\\/classes\\\/fRecordSet.php:1673\\n\\\/tmp\\\/flourish_1\\\/classes\\\/fRecordSet.php:574\\n\\\/tmp\\\/flourish_1\\\/tests\\\/classes\\\/fRecordSet\\\/fRecordSetTest.php:393\", \"fRecordSetTest::testPrecountSelfJoin, config Oracle-Backed\\nfSQLException: Oracle error (ORA-00905: missing keyword) in SELECT count(*) AS flourish__count, \\\"CATEGORIES\\\".\\\"CATEGORY_ID\\\" AS flourish__column FROM \\\"CATEGORIES\\\" INNER JOIN \\\"CATEGORIES\\\" AS \\\"CATEGORIES_1\\\" ON \\\"CATEGORIES\\\".\\\"CATEGORY_ID\\\" = \\\"CATEGORIES_1\\\".\\\"PARENT\\\" WHERE \\\"CATEGORIES\\\".\\\"CATEGORY_ID\\\" IN (1, 2, 3, 4, 5) GROUP BY \\\"CATEGORIES\\\".\\\"CATEGORY_ID\\\"\\n\\n\\\/tmp\\\/flourish_1\\\/classes\\\/fDatabase.php:456\\n\\\/tmp\\\/flourish_1\\\/classes\\\/fDatabase.php:2565\\n\\\/tmp\\\/flourish_1\\\/classes\\\/fDatabase.php:3028\\n\\\/tmp\\\/flourish_1\\\/classes\\\/fDatabase.php:3326\\n\\\/tmp\\\/flourish_1\\\/classes\\\/fRecordSet.php:1673\\n\\\/tmp\\\/flourish_1\\\/classes\\\/fRecordSet.php:574\\n\\\/tmp\\\/flourish_1\\\/tests\\\/classes\\\/fRecordSet\\\/fRecordSetTest.php:425\", \"fRecordSetWithMultipleSchemasTest::testPrecountManyToMany, config Oracle-Backed Multi-Schema\\nfSQLException: Oracle error (ORA-00905: missing keyword) in SELECT count(*) AS flourish__count, \\\"FLOURISH_1_2\\\".\\\"USERS\\\".\\\"USER_ID\\\" AS flourish__column FROM \\\"FLOURISH_1_2\\\".\\\"USERS\\\" INNER JOIN \\\"FLOURISH_1_2\\\".\\\"USERS_GROUPS\\\" AS \\\"_________________________\\\" ON \\\"FLOURISH_1_2\\\".\\\"USERS\\\".\\\"USER_ID\\\" = \\\"_________________________\\\".\\\"USER_ID\\\" WHERE \\\"FLOURISH_1_2\\\".\\\"USERS\\\".\\\"USER_ID\\\" IN (1, 2) GROUP BY \\\"FLOURISH_1_2\\\".\\\"USERS\\\".\\\"USER_ID\\\"\\n\\n\\\/tmp\\\/flourish_1\\\/classes\\\/fDatabase.php:456\\n\\\/tmp\\\/flourish_1\\\/classes\\\/fDatabase.php:2565\\n\\\/tmp\\\/flourish_1\\\/classes\\\/fDatabase.php:3028\\n\\\/tmp\\\/flourish_1\\\/classes\\\/fDatabase.php:3326\\n\\\/tmp\\\/flourish_1\\\/classes\\\/fRecordSet.php:1673\\n\\\/tmp\\\/flourish_1\\\/classes\\\/fRecordSet.php:574\\n\\\/tmp\\\/flourish_1\\\/tests\\\/classes\\\/fRecordSet\\\/fRecordSetWithMultipleSchemasTest.php:197\", \"fRecordSetWithMultipleSchemasTest::testPrecountOneToMany, config Oracle-Backed Multi-Schema\\nfSQLException: Oracle error (ORA-00905: missing keyword) in SELECT count(*) AS flourish__count, \\\"FLOURISH_1_2\\\".\\\"ARTISTS\\\".\\\"ARTIST_ID\\\" AS flourish__column FROM \\\"FLOURISH_1_2\\\".\\\"ARTISTS\\\" INNER JOIN \\\"FLOURISH_1_2\\\".\\\"ALBUMS\\\" AS \\\"___________________\\\" ON \\\"FLOURISH_1_2\\\".\\\"ARTISTS\\\".\\\"ARTIST_ID\\\" = \\\"___________________\\\".\\\"ARTIST_ID\\\" WHERE \\\"FLOURISH_1_2\\\".\\\"ARTISTS\\\".\\\"ARTIST_ID\\\" IN (1, 2, 3) GROUP BY \\\"FLOURISH_1_2\\\".\\\"ARTISTS\\\".\\\"ARTIST_ID\\\"\\n\\n\\\/tmp\\\/flourish_1\\\/classes\\\/fDatabase.php:456\\n\\\/tmp\\\/flourish_1\\\/classes\\\/fDatabase.php:2565\\n\\\/tmp\\\/flourish_1\\\/classes\\\/fDatabase.php:3028\\n\\\/tmp\\\/flourish_1\\\/classes\\\/fDatabase.php:3326\\n\\\/tmp\\\/flourish_1\\\/classes\\\/fRecordSet.php:1673\\n\\\/tmp\\\/flourish_1\\\/classes\\\/fRecordSet.php:574\\n\\\/tmp\\\/flourish_1\\\/tests\\\/classes\\\/fRecordSet\\\/fRecordSetWithMultipleSchemasTest.php:223\"]}\n","will@vm-freebsd.wbond.net":"\n    Parse error: syntax error, unexpected T_STRING in \/tmp\/flourish_1\/tests\/classes\/fActiveRecord\/fActiveRecordTest.php on line 382\n\n    Parse error: syntax error, unexpected T_STRING in \/tmp\/flourish_1\/tests\/classes\/fActiveRecord\/fActiveRecordTest.php on line 382\n\n    Parse error: syntax error, unexpected T_STRING in \/tmp\/flourish_1\/tests\/classes\/fActiveRecord\/fActiveRecordTest.php on line 382\n\n    Parse error: syntax error, unexpected T_STRING in \/tmp\/flourish_1\/tests\/classes\/fActiveRecord\/fActiveRecordTest.php on line 382\n\n    Parse error: syntax error, unexpected T_STRING in \/tmp\/flourish_1\/tests\/classes\/fActiveRecord\/fActiveRecordTest.php on line 382\n\n    Parse error: syntax error, unexpected T_STRING in \/tmp\/flourish_1\/tests\/classes\/fActiveRecord\/fActiveRecordTest.php on line 382\n\n    Parse error: syntax error, unexpected T_STRING in \/tmp\/flourish_1\/tests\/classes\/fActiveRecord\/fActiveRecordTest.php on line 382\n{\"passed\": 6951, \"failed\": 0, \"skipped\": 2461, \"php_errors\": 0, \"error_messages\": []}\n","will@vm-netbsd.wbond.net":"\n    Parse error: syntax error, unexpected T_STRING in \/tmp\/flourish_1\/tests\/classes\/fActiveRecord\/fActiveRecordTest.php on line 382\n\n    Parse error: syntax error, unexpected T_STRING in \/tmp\/flourish_1\/tests\/classes\/fActiveRecord\/fActiveRecordTest.php on line 382\n\n    Parse error: syntax error, unexpected T_STRING in \/tmp\/flourish_1\/tests\/classes\/fActiveRecord\/fActiveRecordTest.php on line 382\n\n    Parse error: syntax error, unexpected T_STRING in \/tmp\/flourish_1\/tests\/classes\/fActiveRecord\/fActiveRecordTest.php on line 382\n\n    Parse error: syntax error, unexpected T_STRING in \/tmp\/flourish_1\/tests\/classes\/fActiveRecord\/fActiveRecordTest.php on line 382\n\n    Parse error: syntax error, unexpected T_STRING in \/tmp\/flourish_1\/tests\/classes\/fActiveRecord\/fActiveRecordTest.php on line 382\n\n    Parse error: syntax error, unexpected T_STRING in \/tmp\/flourish_1\/tests\/classes\/fActiveRecord\/fActiveRecordTest.php on line 382\n{\"passed\": 5938, \"failed\": 1, \"skipped\": 3473, \"php_errors\": 0, \"error_messages\": [\"fUTF8Test::testClean with data set #3 (I\u00c3\u00c3n\u00c3\u00a2ti\u00c3\u00b4n\u00c3\u00a0liz\u00c3\u00a6ti\u00c3\u00b8n, I), config MBString\\nFailed asserting that two strings are equal.\\n--- Expected\\n+++ Actual\\n@@ @@\\n-I\\n+In\u00c3\u00a2ti\u00c3\u00b4n\u00c3\u00a0liz\u00c3\u00a6ti\u00c3\u00b8n\\n\\n\\\/tmp\\\/flourish_1\\\/tests\\\/classes\\\/fUTF8\\\/fUTF8Test.php:30\"]}\n","will@vm-openbsd.wbond.net":"\n    Parse error: syntax error, unexpected T_STRING in \/tmp\/flourish_1\/tests\/classes\/fActiveRecord\/fActiveRecordTest.php on line 382\n\n    Parse error: syntax error, unexpected T_STRING in \/tmp\/flourish_1\/tests\/classes\/fActiveRecord\/fActiveRecordTest.php on line 382\n\n    Parse error: syntax error, unexpected T_STRING in \/tmp\/flourish_1\/tests\/classes\/fActiveRecord\/fActiveRecordTest.php on line 382\n\n    Parse error: syntax error, unexpected T_STRING in \/tmp\/flourish_1\/tests\/classes\/fActiveRecord\/fActiveRecordTest.php on line 382\n\n    Parse error: syntax error, unexpected T_STRING in \/tmp\/flourish_1\/tests\/classes\/fActiveRecord\/fActiveRecordTest.php on line 382\n\n    Parse error: syntax error, unexpected T_STRING in \/tmp\/flourish_1\/tests\/classes\/fActiveRecord\/fActiveRecordTest.php on line 382\n\n    Parse error: syntax error, unexpected T_STRING in \/tmp\/flourish_1\/tests\/classes\/fActiveRecord\/fActiveRecordTest.php on line 382\n{\"passed\": 5939, \"failed\": 0, \"skipped\": 3473, \"php_errors\": 0, \"error_messages\": []}\n","will@vm-opensolaris.wbond.net":"\n    Parse error: syntax error, unexpected T_STRING in \/tmp\/flourish_1\/tests\/classes\/fActiveRecord\/fActiveRecordTest.php on line 382\n\n    Parse error: syntax error, unexpected T_STRING in \/tmp\/flourish_1\/tests\/classes\/fActiveRecord\/fActiveRecordTest.php on line 382\n\n    Parse error: syntax error, unexpected T_STRING in \/tmp\/flourish_1\/tests\/classes\/fActiveRecord\/fActiveRecordTest.php on line 382\n\n    Parse error: syntax error, unexpected T_STRING in \/tmp\/flourish_1\/tests\/classes\/fActiveRecord\/fActiveRecordTest.php on line 382\n\n    Parse error: syntax error, unexpected T_STRING in \/tmp\/flourish_1\/tests\/classes\/fActiveRecord\/fActiveRecordTest.php on line 382\n\n    Parse error: syntax error, unexpected T_STRING in \/tmp\/flourish_1\/tests\/classes\/fActiveRecord\/fActiveRecordTest.php on line 382\n\n    Parse error: syntax error, unexpected T_STRING in \/tmp\/flourish_1\/tests\/classes\/fActiveRecord\/fActiveRecordTest.php on line 382\n{\"passed\": 5859, \"failed\": 1, \"skipped\": 3552, \"php_errors\": 0, \"error_messages\": [\"fUTF8Test::testClean with data set #3 (I\u00c3\u00c3n\u00c3\u00a2ti\u00c3\u00b4n\u00c3\u00a0liz\u00c3\u00a6ti\u00c3\u00b8n, I), config MBString\\nFailed asserting that two strings are equal.\\n--- Expected\\n+++ Actual\\n@@ @@\\n-I\\n+In\u00c3\u00a2ti\u00c3\u00b4n\u00c3\u00a0liz\u00c3\u00a6ti\u00c3\u00b8n\\n\\n\\\/tmp\\\/flourish_1\\\/tests\\\/classes\\\/fUTF8\\\/fUTF8Test.php:30\"]}\n","will@vm-opensuse.wbond.net":"\n    Parse error: syntax error, unexpected T_STRING in \/tmp\/flourish_1\/tests\/classes\/fActiveRecord\/fActiveRecordTest.php on line 382\n\n    Parse error: syntax error, unexpected T_STRING in \/tmp\/flourish_1\/tests\/classes\/fActiveRecord\/fActiveRecordTest.php on line 382\n\n    Parse error: syntax error, unexpected T_STRING in \/tmp\/flourish_1\/tests\/classes\/fActiveRecord\/fActiveRecordTest.php on line 382\n\n    Parse error: syntax error, unexpected T_STRING in \/tmp\/flourish_1\/tests\/classes\/fActiveRecord\/fActiveRecordTest.php on line 382\n\n    Parse error: syntax error, unexpected T_STRING in \/tmp\/flourish_1\/tests\/classes\/fActiveRecord\/fActiveRecordTest.php on line 382\n\n    Parse error: syntax error, unexpected T_STRING in \/tmp\/flourish_1\/tests\/classes\/fActiveRecord\/fActiveRecordTest.php on line 382\n\n    Parse error: syntax error, unexpected T_STRING in \/tmp\/flourish_1\/tests\/classes\/fActiveRecord\/fActiveRecordTest.php on line 382\n{\"passed\": 6951, \"failed\": 0, \"skipped\": 2461, \"php_errors\": 0, \"error_messages\": []}\n","will@osx.wbond.net":"\n    Parse error: parse error in \/private\/tmp\/flourish_1\/tests\/classes\/fActiveRecord\/fActiveRecordTest.php on line 382\n\n    Parse error: parse error in \/private\/tmp\/flourish_1\/tests\/classes\/fActiveRecord\/fActiveRecordTest.php on line 382\n\n    Parse error: parse error in \/private\/tmp\/flourish_1\/tests\/classes\/fActiveRecord\/fActiveRecordTest.php on line 382\n\n    Parse error: parse error in \/private\/tmp\/flourish_1\/tests\/classes\/fActiveRecord\/fActiveRecordTest.php on line 382\n\n    Parse error: parse error in \/private\/tmp\/flourish_1\/tests\/classes\/fActiveRecord\/fActiveRecordTest.php on line 382\n\n    Parse error: parse error in \/private\/tmp\/flourish_1\/tests\/classes\/fActiveRecord\/fActiveRecordTest.php on line 382\n\n    Parse error: parse error in \/private\/tmp\/flourish_1\/tests\/classes\/fActiveRecord\/fActiveRecordTest.php on line 382\n{\"passed\": 3691, \"failed\": 0, \"skipped\": 5721, \"php_errors\": 0, \"error_messages\": []}\n","will@vm-server2008.wbond.net":"\n    Parse error: syntax error, unexpected T_STRING in C:\\cygwin\\tmp\\flourish_1\\tests\\classes\\fActiveRecord\\fActiveRecordTest.php on line 382\n\n    Parse error: syntax error, unexpected T_STRING in C:\\cygwin\\tmp\\flourish_1\\tests\\classes\\fActiveRecord\\fActiveRecordTest.php on line 382\n\n    Parse error: syntax error, unexpected T_STRING in C:\\cygwin\\tmp\\flourish_1\\tests\\classes\\fActiveRecord\\fActiveRecordTest.php on line 382\n\n    Parse error: syntax error, unexpected T_STRING in C:\\cygwin\\tmp\\flourish_1\\tests\\classes\\fActiveRecord\\fActiveRecordTest.php on line 382\n\n    Parse error: syntax error, unexpected T_STRING in C:\\cygwin\\tmp\\flourish_1\\tests\\classes\\fActiveRecord\\fActiveRecordTest.php on line 382\n\n    Parse error: syntax error, unexpected T_STRING in C:\\cygwin\\tmp\\flourish_1\\tests\\classes\\fActiveRecord\\fActiveRecordTest.php on line 382\n\n    Parse error: syntax error, unexpected T_STRING in C:\\cygwin\\tmp\\flourish_1\\tests\\classes\\fActiveRecord\\fActiveRecordTest.php on line 382\n{\"passed\": 6599, \"failed\": 0, \"skipped\": 2813, \"php_errors\": 0, \"error_messages\": []}\n","will@vm-ubuntu.wbond.net":"\n    Parse error: syntax error, unexpected T_STRING in \/tmp\/flourish_1\/tests\/classes\/fActiveRecord\/fActiveRecordTest.php on line 382\n\n    Parse error: syntax error, unexpected T_STRING in \/tmp\/flourish_1\/tests\/classes\/fActiveRecord\/fActiveRecordTest.php on line 382\n\n    Parse error: syntax error, unexpected T_STRING in \/tmp\/flourish_1\/tests\/classes\/fActiveRecord\/fActiveRecordTest.php on line 382\n\n    Parse error: syntax error, unexpected T_STRING in \/tmp\/flourish_1\/tests\/classes\/fActiveRecord\/fActiveRecordTest.php on line 382\n\n    Parse error: syntax error, unexpected T_STRING in \/tmp\/flourish_1\/tests\/classes\/fActiveRecord\/fActiveRecordTest.php on line 382\n\n    Parse error: syntax error, unexpected T_STRING in \/tmp\/flourish_1\/tests\/classes\/fActiveRecord\/fActiveRecordTest.php on line 382\n\n    Parse error: syntax error, unexpected T_STRING in \/tmp\/flourish_1\/tests\/classes\/fActiveRecord\/fActiveRecordTest.php on line 382\n{\"passed\": 8997, \"failed\": 6, \"skipped\": 409, \"php_errors\": 0, \"error_messages\": [\"fRecordSetTest::testPrecountManyToMany, config Oracle-Backed\\nfSQLException: Oracle error (ORA-00905: missing keyword) in SELECT count(*) AS flourish__count, \\\"USERS\\\".\\\"USER_ID\\\" AS flourish__column FROM \\\"USERS\\\" INNER JOIN \\\"USERS_GROUPS\\\" AS \\\"USERS_GROUPS\\\" ON \\\"USERS\\\".\\\"USER_ID\\\" = \\\"USERS_GROUPS\\\".\\\"USER_ID\\\" WHERE \\\"USERS\\\".\\\"USER_ID\\\" IN (1, 2, 3, 4) GROUP BY \\\"USERS\\\".\\\"USER_ID\\\"\\n\\n\\\/tmp\\\/flourish_1\\\/classes\\\/fDatabase.php:456\\n\\\/tmp\\\/flourish_1\\\/classes\\\/fDatabase.php:2565\\n\\\/tmp\\\/flourish_1\\\/classes\\\/fDatabase.php:3028\\n\\\/tmp\\\/flourish_1\\\/classes\\\/fDatabase.php:3326\\n\\\/tmp\\\/flourish_1\\\/classes\\\/fRecordSet.php:1673\\n\\\/tmp\\\/flourish_1\\\/classes\\\/fRecordSet.php:574\\n\\\/tmp\\\/flourish_1\\\/tests\\\/classes\\\/fRecordSet\\\/fRecordSetTest.php:332\", \"fRecordSetTest::testPrecountOneToMany, config Oracle-Backed\\nfSQLException: Oracle error (ORA-00905: missing keyword) in SELECT count(*) AS flourish__count, \\\"ARTISTS\\\".\\\"ARTIST_ID\\\" AS flourish__column FROM \\\"ARTISTS\\\" INNER JOIN \\\"ALBUMS\\\" AS \\\"ALBUMS\\\" ON \\\"ARTISTS\\\".\\\"ARTIST_ID\\\" = \\\"ALBUMS\\\".\\\"ARTIST_ID\\\" WHERE \\\"ARTISTS\\\".\\\"ARTIST_ID\\\" IN (1, 2, 3) GROUP BY \\\"ARTISTS\\\".\\\"ARTIST_ID\\\"\\n\\n\\\/tmp\\\/flourish_1\\\/classes\\\/fDatabase.php:456\\n\\\/tmp\\\/flourish_1\\\/classes\\\/fDatabase.php:2565\\n\\\/tmp\\\/flourish_1\\\/classes\\\/fDatabase.php:3028\\n\\\/tmp\\\/flourish_1\\\/classes\\\/fDatabase.php:3326\\n\\\/tmp\\\/flourish_1\\\/classes\\\/fRecordSet.php:1673\\n\\\/tmp\\\/flourish_1\\\/classes\\\/fRecordSet.php:574\\n\\\/tmp\\\/flourish_1\\\/tests\\\/classes\\\/fRecordSet\\\/fRecordSetTest.php:364\", \"fRecordSetTest::testPrecountOneToManyMultiColumn, config Oracle-Backed\\nfSQLException: Oracle error (ORA-00905: missing keyword) in SELECT count(*) AS flourish__count, \\\"USERS\\\".\\\"EMAIL_ADDRESS\\\" AS flourish__column FROM \\\"USERS\\\" INNER JOIN \\\"FAVORITE_ALBUMS\\\" AS \\\"FAVORITE_ALBUMS\\\" ON \\\"USERS\\\".\\\"EMAIL_ADDRESS\\\" = \\\"FAVORITE_ALBUMS\\\".\\\"EMAIL\\\" WHERE \\\"USERS\\\".\\\"USER_ID\\\" IN (1, 2, 3, 4) GROUP BY \\\"USERS\\\".\\\"EMAIL_ADDRESS\\\"\\n\\n\\\/tmp\\\/flourish_1\\\/classes\\\/fDatabase.php:456\\n\\\/tmp\\\/flourish_1\\\/classes\\\/fDatabase.php:2565\\n\\\/tmp\\\/flourish_1\\\/classes\\\/fDatabase.php:3028\\n\\\/tmp\\\/flourish_1\\\/classes\\\/fDatabase.php:3326\\n\\\/tmp\\\/flourish_1\\\/classes\\\/fRecordSet.php:1673\\n\\\/tmp\\\/flourish_1\\\/classes\\\/fRecordSet.php:574\\n\\\/tmp\\\/flourish_1\\\/tests\\\/classes\\\/fRecordSet\\\/fRecordSetTest.php:393\", \"fRecordSetTest::testPrecountSelfJoin, config Oracle-Backed\\nfSQLException: Oracle error (ORA-00905: missing keyword) in SELECT count(*) AS flourish__count, \\\"CATEGORIES\\\".\\\"CATEGORY_ID\\\" AS flourish__column FROM \\\"CATEGORIES\\\" INNER JOIN \\\"CATEGORIES\\\" AS \\\"CATEGORIES_1\\\" ON \\\"CATEGORIES\\\".\\\"CATEGORY_ID\\\" = \\\"CATEGORIES_1\\\".\\\"PARENT\\\" WHERE \\\"CATEGORIES\\\".\\\"CATEGORY_ID\\\" IN (1, 2, 3, 4, 5) GROUP BY \\\"CATEGORIES\\\".\\\"CATEGORY_ID\\\"\\n\\n\\\/tmp\\\/flourish_1\\\/classes\\\/fDatabase.php:456\\n\\\/tmp\\\/flourish_1\\\/classes\\\/fDatabase.php:2565\\n\\\/tmp\\\/flourish_1\\\/classes\\\/fDatabase.php:3028\\n\\\/tmp\\\/flourish_1\\\/classes\\\/fDatabase.php:3326\\n\\\/tmp\\\/flourish_1\\\/classes\\\/fRecordSet.php:1673\\n\\\/tmp\\\/flourish_1\\\/classes\\\/fRecordSet.php:574\\n\\\/tmp\\\/flourish_1\\\/tests\\\/classes\\\/fRecordSet\\\/fRecordSetTest.php:425\", \"fRecordSetWithMultipleSchemasTest::testPrecountManyToMany, config Oracle-Backed Multi-Schema\\nfSQLException: Oracle error (ORA-00905: missing keyword) in SELECT count(*) AS flourish__count, \\\"FLOURISH_1_2\\\".\\\"USERS\\\".\\\"USER_ID\\\" AS flourish__column FROM \\\"FLOURISH_1_2\\\".\\\"USERS\\\" INNER JOIN \\\"FLOURISH_1_2\\\".\\\"USERS_GROUPS\\\" AS \\\"_________________________\\\" ON \\\"FLOURISH_1_2\\\".\\\"USERS\\\".\\\"USER_ID\\\" = \\\"_________________________\\\".\\\"USER_ID\\\" WHERE \\\"FLOURISH_1_2\\\".\\\"USERS\\\".\\\"USER_ID\\\" IN (1, 2) GROUP BY \\\"FLOURISH_1_2\\\".\\\"USERS\\\".\\\"USER_ID\\\"\\n\\n\\\/tmp\\\/flourish_1\\\/classes\\\/fDatabase.php:456\\n\\\/tmp\\\/flourish_1\\\/classes\\\/fDatabase.php:2565\\n\\\/tmp\\\/flourish_1\\\/classes\\\/fDatabase.php:3028\\n\\\/tmp\\\/flourish_1\\\/classes\\\/fDatabase.php:3326\\n\\\/tmp\\\/flourish_1\\\/classes\\\/fRecordSet.php:1673\\n\\\/tmp\\\/flourish_1\\\/classes\\\/fRecordSet.php:574\\n\\\/tmp\\\/flourish_1\\\/tests\\\/classes\\\/fRecordSet\\\/fRecordSetWithMultipleSchemasTest.php:197\", \"fRecordSetWithMultipleSchemasTest::testPrecountOneToMany, config Oracle-Backed Multi-Schema\\nfSQLException: Oracle error (ORA-00905: missing keyword) in SELECT count(*) AS flourish__count, \\\"FLOURISH_1_2\\\".\\\"ARTISTS\\\".\\\"ARTIST_ID\\\" AS flourish__column FROM \\\"FLOURISH_1_2\\\".\\\"ARTISTS\\\" INNER JOIN \\\"FLOURISH_1_2\\\".\\\"ALBUMS\\\" AS \\\"___________________\\\" ON \\\"FLOURISH_1_2\\\".\\\"ARTISTS\\\".\\\"ARTIST_ID\\\" = \\\"___________________\\\".\\\"ARTIST_ID\\\" WHERE \\\"FLOURISH_1_2\\\".\\\"ARTISTS\\\".\\\"ARTIST_ID\\\" IN (1, 2, 3) GROUP BY \\\"FLOURISH_1_2\\\".\\\"ARTISTS\\\".\\\"ARTIST_ID\\\"\\n\\n\\\/tmp\\\/flourish_1\\\/classes\\\/fDatabase.php:456\\n\\\/tmp\\\/flourish_1\\\/classes\\\/fDatabase.php:2565\\n\\\/tmp\\\/flourish_1\\\/classes\\\/fDatabase.php:3028\\n\\\/tmp\\\/flourish_1\\\/classes\\\/fDatabase.php:3326\\n\\\/tmp\\\/flourish_1\\\/classes\\\/fRecordSet.php:1673\\n\\\/tmp\\\/flourish_1\\\/classes\\\/fRecordSet.php:574\\n\\\/tmp\\\/flourish_1\\\/tests\\\/classes\\\/fRecordSet\\\/fRecordSetWithMultipleSchemasTest.php:223\"]}\n","will@vm-xp.wbond.net":"\n    Parse error: syntax error, unexpected T_STRING in C:\\cygwin\\tmp\\flourish_1\\tests\\classes\\fActiveRecord\\fActiveRecordTest.php on line 382\n\n    Parse error: syntax error, unexpected T_STRING in C:\\cygwin\\tmp\\flourish_1\\tests\\classes\\fActiveRecord\\fActiveRecordTest.php on line 382\n\n    Parse error: syntax error, unexpected T_STRING in C:\\cygwin\\tmp\\flourish_1\\tests\\classes\\fActiveRecord\\fActiveRecordTest.php on line 382\n\n    Parse error: syntax error, unexpected T_STRING in C:\\cygwin\\tmp\\flourish_1\\tests\\classes\\fActiveRecord\\fActiveRecordTest.php on line 382\n\n    Parse error: syntax error, unexpected T_STRING in C:\\cygwin\\tmp\\flourish_1\\tests\\classes\\fActiveRecord\\fActiveRecordTest.php on line 382\n\n    Parse error: syntax error, unexpected T_STRING in C:\\cygwin\\tmp\\flourish_1\\tests\\classes\\fActiveRecord\\fActiveRecordTest.php on line 382\n\n    Parse error: syntax error, unexpected T_STRING in C:\\cygwin\\tmp\\flourish_1\\tests\\classes\\fActiveRecord\\fActiveRecordTest.php on line 382\n{\"passed\": 9352, \"failed\": 29, \"skipped\": 31, \"php_errors\": 0, \"error_messages\": [\"fRecordSetTest::testPrecountManyToMany, config Oracle-Backed\\nfSQLException: Oracle error (ORA-00905: missing keyword) in SELECT count(*) AS flourish__count, \\\"USERS\\\".\\\"USER_ID\\\" AS flourish__column FROM \\\"USERS\\\" INNER JOIN \\\"USERS_GROUPS\\\" AS \\\"USERS_GROUPS\\\" ON \\\"USERS\\\".\\\"USER_ID\\\" = \\\"USERS_GROUPS\\\".\\\"USER_ID\\\" WHERE \\\"USERS\\\".\\\"USER_ID\\\" IN (1, 2, 3, 4) GROUP BY \\\"USERS\\\".\\\"USER_ID\\\"\\n\\nC:\\\\cygwin\\\\tmp\\\\flourish_1\\\\classes\\\\fDatabase.php:456\\nC:\\\\cygwin\\\\tmp\\\\flourish_1\\\\classes\\\\fDatabase.php:2565\\nC:\\\\cygwin\\\\tmp\\\\flourish_1\\\\classes\\\\fDatabase.php:3028\\nC:\\\\cygwin\\\\tmp\\\\flourish_1\\\\classes\\\\fDatabase.php:3326\\nC:\\\\cygwin\\\\tmp\\\\flourish_1\\\\classes\\\\fRecordSet.php:1673\\nC:\\\\cygwin\\\\tmp\\\\flourish_1\\\\classes\\\\fRecordSet.php:574\\nC:\\\\cygwin\\\\tmp\\\\flourish_1\\\\tests\\\\classes\\\\fRecordSet\\\\fRecordSetTest.php:332\", \"fRecordSetTest::testPrecountOneToMany, config Oracle-Backed\\nfSQLException: Oracle error (ORA-00905: missing keyword) in SELECT count(*) AS flourish__count, \\\"ARTISTS\\\".\\\"ARTIST_ID\\\" AS flourish__column FROM \\\"ARTISTS\\\" INNER JOIN \\\"ALBUMS\\\" AS \\\"ALBUMS\\\" ON \\\"ARTISTS\\\".\\\"ARTIST_ID\\\" = \\\"ALBUMS\\\".\\\"ARTIST_ID\\\" WHERE \\\"ARTISTS\\\".\\\"ARTIST_ID\\\" IN (1, 2, 3) GROUP BY \\\"ARTISTS\\\".\\\"ARTIST_ID\\\"\\n\\nC:\\\\cygwin\\\\tmp\\\\flourish_1\\\\classes\\\\fDatabase.php:456\\nC:\\\\cygwin\\\\tmp\\\\flourish_1\\\\classes\\\\fDatabase.php:2565\\nC:\\\\cygwin\\\\tmp\\\\flourish_1\\\\classes\\\\fDatabase.php:3028\\nC:\\\\cygwin\\\\tmp\\\\flourish_1\\\\classes\\\\fDatabase.php:3326\\nC:\\\\cygwin\\\\tmp\\\\flourish_1\\\\classes\\\\fRecordSet.php:1673\\nC:\\\\cygwin\\\\tmp\\\\flourish_1\\\\classes\\\\fRecordSet.php:574\\nC:\\\\cygwin\\\\tmp\\\\flourish_1\\\\tests\\\\classes\\\\fRecordSet\\\\fRecordSetTest.php:364\", \"fRecordSetTest::testPrecountOneToManyMultiColumn, config Oracle-Backed\\nfSQLException: Oracle error (ORA-00905: missing keyword) in SELECT count(*) AS flourish__count, \\\"USERS\\\".\\\"EMAIL_ADDRESS\\\" AS flourish__column FROM \\\"USERS\\\" INNER JOIN \\\"FAVORITE_ALBUMS\\\" AS \\\"FAVORITE_ALBUMS\\\" ON \\\"USERS\\\".\\\"EMAIL_ADDRESS\\\" = \\\"FAVORITE_ALBUMS\\\".\\\"EMAIL\\\" WHERE \\\"USERS\\\".\\\"USER_ID\\\" IN (1, 2, 3, 4) GROUP BY \\\"USERS\\\".\\\"EMAIL_ADDRESS\\\"\\n\\nC:\\\\cygwin\\\\tmp\\\\flourish_1\\\\classes\\\\fDatabase.php:456\\nC:\\\\cygwin\\\\tmp\\\\flourish_1\\\\classes\\\\fDatabase.php:2565\\nC:\\\\cygwin\\\\tmp\\\\flourish_1\\\\classes\\\\fDatabase.php:3028\\nC:\\\\cygwin\\\\tmp\\\\flourish_1\\\\classes\\\\fDatabase.php:3326\\nC:\\\\cygwin\\\\tmp\\\\flourish_1\\\\classes\\\\fRecordSet.php:1673\\nC:\\\\cygwin\\\\tmp\\\\flourish_1\\\\classes\\\\fRecordSet.php:574\\nC:\\\\cygwin\\\\tmp\\\\flourish_1\\\\tests\\\\classes\\\\fRecordSet\\\\fRecordSetTest.php:393\", \"fRecordSetTest::testPrecountSelfJoin, config Oracle-Backed\\nfSQLException: Oracle error (ORA-00905: missing keyword) in SELECT count(*) AS flourish__count, \\\"CATEGORIES\\\".\\\"CATEGORY_ID\\\" AS flourish__column FROM \\\"CATEGORIES\\\" INNER JOIN \\\"CATEGORIES\\\" AS \\\"CATEGORIES_1\\\" ON \\\"CATEGORIES\\\".\\\"CATEGORY_ID\\\" = \\\"CATEGORIES_1\\\".\\\"PARENT\\\" WHERE \\\"CATEGORIES\\\".\\\"CATEGORY_ID\\\" IN (1, 2, 3, 4, 5) GROUP BY \\\"CATEGORIES\\\".\\\"CATEGORY_ID\\\"\\n\\nC:\\\\cygwin\\\\tmp\\\\flourish_1\\\\classes\\\\fDatabase.php:456\\nC:\\\\cygwin\\\\tmp\\\\flourish_1\\\\classes\\\\fDatabase.php:2565\\nC:\\\\cygwin\\\\tmp\\\\flourish_1\\\\classes\\\\fDatabase.php:3028\\nC:\\\\cygwin\\\\tmp\\\\flourish_1\\\\classes\\\\fDatabase.php:3326\\nC:\\\\cygwin\\\\tmp\\\\flourish_1\\\\classes\\\\fRecordSet.php:1673\\nC:\\\\cygwin\\\\tmp\\\\flourish_1\\\\classes\\\\fRecordSet.php:574\\nC:\\\\cygwin\\\\tmp\\\\flourish_1\\\\tests\\\\classes\\\\fRecordSet\\\\fRecordSetTest.php:425\", \"fRecordSetWithMultipleSchemasTest::testPrecountManyToMany, config Oracle-Backed Multi-Schema\\nfSQLException: Oracle error (ORA-00905: missing keyword) in SELECT count(*) AS flourish__count, \\\"FLOURISH_1_2\\\".\\\"USERS\\\".\\\"USER_ID\\\" AS flourish__column FROM \\\"FLOURISH_1_2\\\".\\\"USERS\\\" INNER JOIN \\\"FLOURISH_1_2\\\".\\\"USERS_GROUPS\\\" AS \\\"_________________________\\\" ON \\\"FLOURISH_1_2\\\".\\\"USERS\\\".\\\"USER_ID\\\" = \\\"_________________________\\\".\\\"USER_ID\\\" WHERE \\\"FLOURISH_1_2\\\".\\\"USERS\\\".\\\"USER_ID\\\" IN (1, 2) GROUP BY \\\"FLOURISH_1_2\\\".\\\"USERS\\\".\\\"USER_ID\\\"\\n\\nC:\\\\cygwin\\\\tmp\\\\flourish_1\\\\classes\\\\fDatabase.php:456\\nC:\\\\cygwin\\\\tmp\\\\flourish_1\\\\classes\\\\fDatabase.php:2565\\nC:\\\\cygwin\\\\tmp\\\\flourish_1\\\\classes\\\\fDatabase.php:3028\\nC:\\\\cygwin\\\\tmp\\\\flourish_1\\\\classes\\\\fDatabase.php:3326\\nC:\\\\cygwin\\\\tmp\\\\flourish_1\\\\classes\\\\fRecordSet.php:1673\\nC:\\\\cygwin\\\\tmp\\\\flourish_1\\\\classes\\\\fRecordSet.php:574\\nC:\\\\cygwin\\\\tmp\\\\flourish_1\\\\tests\\\\classes\\\\fRecordSet\\\\fRecordSetWithMultipleSchemasTest.php:197\", \"fRecordSetWithMultipleSchemasTest::testPrecountOneToMany, config Oracle-Backed Multi-Schema\\nfSQLException: Oracle error (ORA-00905: missing keyword) in SELECT count(*) AS flourish__count, \\\"FLOURISH_1_2\\\".\\\"ARTISTS\\\".\\\"ARTIST_ID\\\" AS flourish__column FROM \\\"FLOURISH_1_2\\\".\\\"ARTISTS\\\" INNER JOIN \\\"FLOURISH_1_2\\\".\\\"ALBUMS\\\" AS \\\"___________________\\\" ON \\\"FLOURISH_1_2\\\".\\\"ARTISTS\\\".\\\"ARTIST_ID\\\" = \\\"___________________\\\".\\\"ARTIST_ID\\\" WHERE \\\"FLOURISH_1_2\\\".\\\"ARTISTS\\\".\\\"ARTIST_ID\\\" IN (1, 2, 3) GROUP BY \\\"FLOURISH_1_2\\\".\\\"ARTISTS\\\".\\\"ARTIST_ID\\\"\\n\\nC:\\\\cygwin\\\\tmp\\\\flourish_1\\\\classes\\\\fDatabase.php:456\\nC:\\\\cygwin\\\\tmp\\\\flourish_1\\\\classes\\\\fDatabase.php:2565\\nC:\\\\cygwin\\\\tmp\\\\flourish_1\\\\classes\\\\fDatabase.php:3028\\nC:\\\\cygwin\\\\tmp\\\\flourish_1\\\\classes\\\\fDatabase.php:3326\\nC:\\\\cygwin\\\\tmp\\\\flourish_1\\\\classes\\\\fRecordSet.php:1673\\nC:\\\\cygwin\\\\tmp\\\\flourish_1\\\\classes\\\\fRecordSet.php:574\\nC:\\\\cygwin\\\\tmp\\\\flourish_1\\\\tests\\\\classes\\\\fRecordSet\\\\fRecordSetWithMultipleSchemasTest.php:223\", \"fSQLTranslationTest::testAcos, config DB2 PDO\\nFailed asserting that two strings are equal.\\n--- Expected\\n+++ Actual\\n@@ @@\\n-1.0471975511966\\n+1\\n\\nC:\\\\cygwin\\\\tmp\\\\flourish_1\\\\tests\\\\classes\\\\fSQLTranslation\\\\fSQLTranslationTest.php:68\", \"fSQLTranslationTest::testAsin, config DB2 PDO\\nFailed asserting that two strings are equal.\\n--- Expected\\n+++ Actual\\n@@ @@\\n-0.5235987755983\\n+5\\n\\nC:\\\\cygwin\\\\tmp\\\\flourish_1\\\\tests\\\\classes\\\\fSQLTranslation\\\\fSQLTranslationTest.php:77\", \"fSQLTranslationTest::testAtan, config DB2 PDO\\nFailed asserting that two strings are equal.\\n--- Expected\\n+++ Actual\\n@@ @@\\n-0.46364760900081\\n+4\\n\\nC:\\\\cygwin\\\\tmp\\\\flourish_1\\\\tests\\\\classes\\\\fSQLTranslation\\\\fSQLTranslationTest.php:86\", \"fSQLTranslationTest::testAtan2, config DB2 PDO\\nFailed asserting that two strings are equal.\\n--- Expected\\n+++ Actual\\n@@ @@\\n-0.78539816339745\\n+7\\n\\nC:\\\\cygwin\\\\tmp\\\\flourish_1\\\\tests\\\\classes\\\\fSQLTranslation\\\\fSQLTranslationTest.php:95\", \"fSQLTranslationTest::testCos, config DB2 PDO\\nFailed asserting that two strings are equal.\\n--- Expected\\n+++ Actual\\n@@ @@\\n-0.87758256189037\\n+8\\n\\nC:\\\\cygwin\\\\tmp\\\\flourish_1\\\\tests\\\\classes\\\\fSQLTranslation\\\\fSQLTranslationTest.php:122\", \"fSQLTranslationTest::testCot, config DB2 PDO\\nFailed asserting that two strings are equal.\\n--- Expected\\n+++ Actual\\n@@ @@\\n-3.2327281437658\\n+3\\n\\nC:\\\\cygwin\\\\tmp\\\\flourish_1\\\\tests\\\\classes\\\\fSQLTranslation\\\\fSQLTranslationTest.php:131\", \"fSQLTranslationTest::testDegrees, config DB2 PDO\\nFailed asserting that two strings are equal.\\n--- Expected\\n+++ Actual\\n@@ @@\\n-28.647889756541\\n+2\\n\\nC:\\\\cygwin\\\\tmp\\\\flourish_1\\\\tests\\\\classes\\\\fSQLTranslation\\\\fSQLTranslationTest.php:140\", \"fSQLTranslationTest::testExp, config DB2 PDO\\nFailed asserting that two strings are equal.\\n--- Expected\\n+++ Actual\\n@@ @@\\n-12.182493960703\\n+1\\n\\nC:\\\\cygwin\\\\tmp\\\\flourish_1\\\\tests\\\\classes\\\\fSQLTranslation\\\\fSQLTranslationTest.php:149\", \"fSQLTranslationTest::testLn, config DB2 PDO\\nFailed asserting that two strings are equal.\\n--- Expected\\n+++ Actual\\n@@ @@\\n-0.74193734472938\\n+7\\n\\nC:\\\\cygwin\\\\tmp\\\\flourish_1\\\\tests\\\\classes\\\\fSQLTranslation\\\\fSQLTranslationTest.php:167\", \"fSQLTranslationTest::testLog, config DB2 PDO\\nFailed asserting that two strings are equal.\\n--- Expected\\n+++ Actual\\n@@ @@\\n-0.70757017609794\\n+7\\n\\nC:\\\\cygwin\\\\tmp\\\\flourish_1\\\\tests\\\\classes\\\\fSQLTranslation\\\\fSQLTranslationTest.php:176\", \"fSQLTranslationTest::testPi, config DB2 PDO\\nFailed asserting that two strings are equal.\\n--- Expected\\n+++ Actual\\n@@ @@\\n-3.1415926535898\\n+3\\n\\nC:\\\\cygwin\\\\tmp\\\\flourish_1\\\\tests\\\\classes\\\\fSQLTranslation\\\\fSQLTranslationTest.php:185\", \"fSQLTranslationTest::testPower, config DB2 PDO\\nFailed asserting that two strings are equal.\\n--- Expected\\n+++ Actual\\n@@ @@\\n-1.8929291587379\\n+1\\n\\nC:\\\\cygwin\\\\tmp\\\\flourish_1\\\\tests\\\\classes\\\\fSQLTranslation\\\\fSQLTranslationTest.php:194\", \"fSQLTranslationTest::testRadians, config DB2 PDO\\nFailed asserting that two strings are equal.\\n--- Expected\\n+++ Actual\\n@@ @@\\n-2.0612338466053\\n+2\\n\\nC:\\\\cygwin\\\\tmp\\\\flourish_1\\\\tests\\\\classes\\\\fSQLTranslation\\\\fSQLTranslationTest.php:203\", \"fSQLTranslationTest::testRound, config DB2 PDO\\nFailed asserting that <string:118,0> matches expected <integer:118>.\\n\\nC:\\\\cygwin\\\\tmp\\\\flourish_1\\\\tests\\\\classes\\\\fSQLTranslation\\\\fSQLTranslationTest.php:220\", \"fSQLTranslationTest::testRound2, config DB2 PDO\\nFailed asserting that <string:3,0> matches expected <integer:3>.\\n\\nC:\\\\cygwin\\\\tmp\\\\flourish_1\\\\tests\\\\classes\\\\fSQLTranslation\\\\fSQLTranslationTest.php:229\", \"fSQLTranslationTest::testRound3, config DB2 PDO\\nFailed asserting that <string:1,9900> matches expected <double:1.99>.\\n\\nC:\\\\cygwin\\\\tmp\\\\flourish_1\\\\tests\\\\classes\\\\fSQLTranslation\\\\fSQLTranslationTest.php:238\", \"fSQLTranslationTest::testSqrt, config DB2 PDO\\nFailed asserting that <string:3,00000000000000E+000> matches expected <integer:3>.\\n\\nC:\\\\cygwin\\\\tmp\\\\flourish_1\\\\tests\\\\classes\\\\fSQLTranslation\\\\fSQLTranslationTest.php:265\", \"fSQLTranslationTest::testSin, config DB2 PDO\\nFailed asserting that two strings are equal.\\n--- Expected\\n+++ Actual\\n@@ @@\\n-0.4794255386042\\n+4\\n\\nC:\\\\cygwin\\\\tmp\\\\flourish_1\\\\tests\\\\classes\\\\fSQLTranslation\\\\fSQLTranslationTest.php:274\", \"fSQLTranslationTest::testTan, config DB2 PDO\\nFailed asserting that two strings are equal.\\n--- Expected\\n+++ Actual\\n@@ @@\\n-0.54630248984379\\n+5\\n\\nC:\\\\cygwin\\\\tmp\\\\flourish_1\\\\tests\\\\classes\\\\fSQLTranslation\\\\fSQLTranslationTest.php:283\", \"fSQLTranslationTest::testPi, config DB2\\nFailed asserting that two strings are equal.\\n--- Expected\\n+++ Actual\\n@@ @@\\n-3.1415926535898\\n+3\\n\\nC:\\\\cygwin\\\\tmp\\\\flourish_1\\\\tests\\\\classes\\\\fSQLTranslation\\\\fSQLTranslationTest.php:185\", \"fSQLTranslationTest::testRound, config DB2\\nFailed asserting that <string:118,0> matches expected <integer:118>.\\n\\nC:\\\\cygwin\\\\tmp\\\\flourish_1\\\\tests\\\\classes\\\\fSQLTranslation\\\\fSQLTranslationTest.php:220\", \"fSQLTranslationTest::testRound2, config DB2\\nFailed asserting that <string:3,0> matches expected <integer:3>.\\n\\nC:\\\\cygwin\\\\tmp\\\\flourish_1\\\\tests\\\\classes\\\\fSQLTranslation\\\\fSQLTranslationTest.php:229\", \"fSQLTranslationTest::testRound3, config DB2\\nFailed asserting that <string:1,9900> matches expected <double:1.99>.\\n\\nC:\\\\cygwin\\\\tmp\\\\flourish_1\\\\tests\\\\classes\\\\fSQLTranslation\\\\fSQLTranslationTest.php:238\"]}\n"}